[2018-03-20 19:02:40,322] TRACE [Controller id=0] Checking need to trigger auto leader balancing (kafka.controller.KafkaController)
[2018-03-20 19:02:40,333] DEBUG [Controller id=0] Preferred replicas by broker Map(0 -> Map(sampleTopic-0 -> Vector(0))) (kafka.controller.KafkaController)
[2018-03-20 19:02:40,333] DEBUG [Controller id=0] Topics not in preferred replica Map() (kafka.controller.KafkaController)
[2018-03-20 19:02:40,333] TRACE [Controller id=0] Leader imbalance ratio for broker 0 is 0.0 (kafka.controller.KafkaController)
[2018-03-20 19:07:40,334] TRACE [Controller id=0] Checking need to trigger auto leader balancing (kafka.controller.KafkaController)
[2018-03-20 19:07:40,335] DEBUG [Controller id=0] Preferred replicas by broker Map(0 -> Map(sampleTopic-0 -> Vector(0))) (kafka.controller.KafkaController)
[2018-03-20 19:07:40,335] DEBUG [Controller id=0] Topics not in preferred replica Map() (kafka.controller.KafkaController)
[2018-03-20 19:07:40,336] TRACE [Controller id=0] Leader imbalance ratio for broker 0 is 0.0 (kafka.controller.KafkaController)
[2018-03-20 19:12:40,337] TRACE [Controller id=0] Checking need to trigger auto leader balancing (kafka.controller.KafkaController)
[2018-03-20 19:12:40,338] DEBUG [Controller id=0] Preferred replicas by broker Map(0 -> Map(sampleTopic-0 -> Vector(0))) (kafka.controller.KafkaController)
[2018-03-20 19:12:40,338] DEBUG [Controller id=0] Topics not in preferred replica Map() (kafka.controller.KafkaController)
[2018-03-20 19:12:40,338] TRACE [Controller id=0] Leader imbalance ratio for broker 0 is 0.0 (kafka.controller.KafkaController)
[2018-03-20 19:17:40,339] TRACE [Controller id=0] Checking need to trigger auto leader balancing (kafka.controller.KafkaController)
[2018-03-20 19:17:40,340] DEBUG [Controller id=0] Preferred replicas by broker Map(0 -> Map(sampleTopic-0 -> Vector(0))) (kafka.controller.KafkaController)
[2018-03-20 19:17:40,342] DEBUG [Controller id=0] Topics not in preferred replica Map() (kafka.controller.KafkaController)
[2018-03-20 19:17:40,342] TRACE [Controller id=0] Leader imbalance ratio for broker 0 is 0.0 (kafka.controller.KafkaController)
[2018-03-20 19:22:40,343] TRACE [Controller id=0] Checking need to trigger auto leader balancing (kafka.controller.KafkaController)
[2018-03-20 19:22:40,344] DEBUG [Controller id=0] Preferred replicas by broker Map(0 -> Map(sampleTopic-0 -> Vector(0))) (kafka.controller.KafkaController)
[2018-03-20 19:22:40,345] DEBUG [Controller id=0] Topics not in preferred replica Map() (kafka.controller.KafkaController)
[2018-03-20 19:22:40,345] TRACE [Controller id=0] Leader imbalance ratio for broker 0 is 0.0 (kafka.controller.KafkaController)
[2018-03-20 19:27:40,346] TRACE [Controller id=0] Checking need to trigger auto leader balancing (kafka.controller.KafkaController)
[2018-03-20 19:27:40,347] DEBUG [Controller id=0] Preferred replicas by broker Map(0 -> Map(sampleTopic-0 -> Vector(0))) (kafka.controller.KafkaController)
[2018-03-20 19:27:40,347] DEBUG [Controller id=0] Topics not in preferred replica Map() (kafka.controller.KafkaController)
[2018-03-20 19:27:40,347] TRACE [Controller id=0] Leader imbalance ratio for broker 0 is 0.0 (kafka.controller.KafkaController)
[2018-03-20 19:32:40,348] TRACE [Controller id=0] Checking need to trigger auto leader balancing (kafka.controller.KafkaController)
[2018-03-20 19:32:40,349] DEBUG [Controller id=0] Preferred replicas by broker Map(0 -> Map(sampleTopic-0 -> Vector(0))) (kafka.controller.KafkaController)
[2018-03-20 19:32:40,350] DEBUG [Controller id=0] Topics not in preferred replica Map() (kafka.controller.KafkaController)
[2018-03-20 19:32:40,350] TRACE [Controller id=0] Leader imbalance ratio for broker 0 is 0.0 (kafka.controller.KafkaController)
[2018-03-20 19:37:40,351] TRACE [Controller id=0] Checking need to trigger auto leader balancing (kafka.controller.KafkaController)
[2018-03-20 19:37:40,352] DEBUG [Controller id=0] Preferred replicas by broker Map(0 -> Map(sampleTopic-0 -> Vector(0))) (kafka.controller.KafkaController)
[2018-03-20 19:37:40,352] DEBUG [Controller id=0] Topics not in preferred replica Map() (kafka.controller.KafkaController)
[2018-03-20 19:37:40,353] TRACE [Controller id=0] Leader imbalance ratio for broker 0 is 0.0 (kafka.controller.KafkaController)
[2018-03-20 19:42:40,354] TRACE [Controller id=0] Checking need to trigger auto leader balancing (kafka.controller.KafkaController)
[2018-03-20 19:42:40,355] DEBUG [Controller id=0] Preferred replicas by broker Map(0 -> Map(sampleTopic-0 -> Vector(0))) (kafka.controller.KafkaController)
[2018-03-20 19:42:40,355] DEBUG [Controller id=0] Topics not in preferred replica Map() (kafka.controller.KafkaController)
[2018-03-20 19:42:40,356] TRACE [Controller id=0] Leader imbalance ratio for broker 0 is 0.0 (kafka.controller.KafkaController)
[2018-03-20 19:47:40,357] TRACE [Controller id=0] Checking need to trigger auto leader balancing (kafka.controller.KafkaController)
[2018-03-20 19:47:40,357] DEBUG [Controller id=0] Preferred replicas by broker Map(0 -> Map(sampleTopic-0 -> Vector(0))) (kafka.controller.KafkaController)
[2018-03-20 19:47:40,358] DEBUG [Controller id=0] Topics not in preferred replica Map() (kafka.controller.KafkaController)
[2018-03-20 19:47:40,359] TRACE [Controller id=0] Leader imbalance ratio for broker 0 is 0.0 (kafka.controller.KafkaController)
[2018-03-20 19:52:40,360] TRACE [Controller id=0] Checking need to trigger auto leader balancing (kafka.controller.KafkaController)
[2018-03-20 19:52:40,361] DEBUG [Controller id=0] Preferred replicas by broker Map(0 -> Map(sampleTopic-0 -> Vector(0))) (kafka.controller.KafkaController)
[2018-03-20 19:52:40,361] DEBUG [Controller id=0] Topics not in preferred replica Map() (kafka.controller.KafkaController)
[2018-03-20 19:52:40,361] TRACE [Controller id=0] Leader imbalance ratio for broker 0 is 0.0 (kafka.controller.KafkaController)
[2018-03-20 19:54:37,998] INFO [Controller id=0] Shutting down broker 0 (kafka.controller.KafkaController)
[2018-03-20 19:54:37,999] DEBUG [Controller id=0] All shutting down brokers: 0 (kafka.controller.KafkaController)
[2018-03-20 19:54:38,000] DEBUG [Controller id=0] Live brokers:  (kafka.controller.KafkaController)
[2018-03-20 19:54:38,007] TRACE [Controller id=0] All leaders = sampleTopic-0 -> (Leader:0,ISR:0,LeaderEpoch:0,ControllerEpoch:1) (kafka.controller.KafkaController)
[2018-03-20 19:54:38,601] INFO [controller-event-thread]: Shutting down (kafka.controller.ControllerEventManager$ControllerEventThread)
[2018-03-20 19:54:38,601] INFO [controller-event-thread]: Stopped (kafka.controller.ControllerEventManager$ControllerEventThread)
[2018-03-20 19:54:38,601] INFO [controller-event-thread]: Shutdown completed (kafka.controller.ControllerEventManager$ControllerEventThread)
[2018-03-20 19:54:38,603] DEBUG [Controller id=0] Resigning (kafka.controller.KafkaController)
[2018-03-20 19:54:38,603] DEBUG [Controller id=0] De-registering IsrChangeNotificationListener (kafka.controller.KafkaController)
[2018-03-20 19:54:38,605] DEBUG [Controller id=0] De-registering logDirEventNotificationListener (kafka.controller.KafkaController)
[2018-03-20 19:54:38,607] INFO [PartitionStateMachine controllerId=0] Stopped partition state machine (kafka.controller.PartitionStateMachine)
[2018-03-20 19:54:38,608] INFO [ReplicaStateMachine controllerId=0] Stopped replica state machine (kafka.controller.ReplicaStateMachine)
[2018-03-20 19:54:38,609] INFO [Controller-0-to-broker-0-send-thread]: Shutting down (kafka.controller.RequestSendThread)
[2018-03-20 19:54:38,610] INFO [Controller-0-to-broker-0-send-thread]: Stopped (kafka.controller.RequestSendThread)
[2018-03-20 19:54:38,610] INFO [Controller-0-to-broker-0-send-thread]: Shutdown completed (kafka.controller.RequestSendThread)
[2018-03-20 19:54:38,612] INFO [Controller id=0] Resigned (kafka.controller.KafkaController)
